<?xml version="1.0" encoding="UTF-8"?>
<testng-results skipped="0" failed="0" total="1" passed="1">
  <reporter-output>
  </reporter-output>
  <suite name="Suite" duration-ms="2948" started-at="2019-06-30T00:11:18Z" finished-at="2019-06-30T00:11:21Z">
    <groups>
    </groups>
    <test name="Test" duration-ms="2948" started-at="2019-06-30T00:11:18Z" finished-at="2019-06-30T00:11:21Z">
      <class name="RestTesting">
        <test-method status="PASS" signature="getUserData()[pri:0, instance:RestTesting@7c30a502]" name="getUserData" duration-ms="2934" started-at="2019-06-30T00:11:18Z" finished-at="2019-06-30T00:11:21Z">
        </test-method>
      </class>
    </test>
  </suite>
</testng-results>
