<?xml version="1.0" encoding="UTF-8"?>
<testng-results skipped="0" failed="0" ignored="0" total="1" passed="1">
  <reporter-output>
  </reporter-output>
  <suite name="Suite" duration-ms="2666" started-at="2019-06-30T02:45:37Z" finished-at="2019-06-30T02:45:39Z">
    <groups>
    </groups>
    <test name="Test" duration-ms="2666" started-at="2019-06-30T02:45:37Z" finished-at="2019-06-30T02:45:39Z">
      <class name="RestTesting">
        <test-method status="PASS" signature="getUserData()[pri:0, instance:RestTesting@39aeed2f]" name="getUserData" duration-ms="2636" started-at="2019-06-29T22:45:37Z" finished-at="2019-06-29T22:45:39Z">
          <reporter-output>
          </reporter-output>
        </test-method> <!-- getUserData -->
      </class> <!-- RestTesting -->
    </test> <!-- Test -->
  </suite> <!-- Suite -->
</testng-results>
